<?xml version="1.0" encoding="UTF-8"?>
<!-- Generated by org.testng.reporters.JUnitXMLReporter -->
<testsuite hostname="prateek-laptop" name="testLogin" tests="1" failures="1" timestamp="18 Sep 2013 17:49:48 GMT" time="0.025" errors="0">
  <testcase name="testLoginSuccess" time="0.013" classname="com.clinportal.test.LoginPageTest">
    <failure type="java.lang.NullPointerException">
      <![CDATA[java.lang.NullPointerException
	at com.clinportal.test.LoginPageTest.testLoginSuccess(LoginPageTest.java:27)
... Removed 24 stack frames]]>
    </failure>
  </testcase> <!-- testLoginSuccess -->
</testsuite> <!-- testLogin -->
